{
  "stats": {
    "suites": 0,
    "tests": 1,
    "passes": 0,
    "pending": 0,
    "failures": 1,
    "start": "2023-09-09T02:55:39.989Z",
    "end": "2023-09-09T02:55:40.794Z",
    "duration": 805,
    "testsRegistered": 1,
    "passPercent": 0,
    "pendingPercent": 0,
    "other": 0,
    "hasOther": false,
    "skipped": 0,
    "hasSkipped": false
  },
  "results": [
    {
      "uuid": "5a06c921-20db-47fb-9abe-80e819fc3b75",
      "title": "",
      "fullFile": "cypress/integration/login.ts",
      "file": "cypress/integration/login.ts",
      "beforeHooks": [],
      "afterHooks": [],
      "tests": [
        {
          "title": "An uncaught error was detected outside of a test",
          "fullTitle": "An uncaught error was detected outside of a test",
          "timedOut": null,
          "duration": 386,
          "state": "failed",
          "speed": null,
          "pass": false,
          "fail": true,
          "pending": false,
          "context": null,
          "code": "throw err;",
          "err": {
            "message": "TypeError: The following error originated from your test code, not from Cypress.\n\n  > cart_1.CartProduct is not a constructor\n\nWhen Cypress detects uncaught errors originating from your test code it will automatically fail the current test.\n\nCypress could not associate this error to any specific test.\n\nWe dynamically generated a new test to display this failure.",
            "estack": "TypeError: The following error originated from your test code, not from Cypress.\n\n  > cart_1.CartProduct is not a constructor\n\nWhen Cypress detects uncaught errors originating from your test code it will automatically fail the current test.\n\nCypress could not associate this error to any specific test.\n\nWe dynamically generated a new test to display this failure.\n    at Object../cypress/integration/login.ts (http://localhost:64186/__cypress/tests?p=cypress/integration/login.ts:104:19)\n    at __webpack_require__ (http://localhost:64186/__cypress/tests?p=cypress/integration/login.ts:20:30)\n    at Object.0 (http://localhost:64186/__cypress/tests?p=cypress/integration/login.ts:246:18)\n    at __webpack_require__ (http://localhost:64186/__cypress/tests?p=cypress/integration/login.ts:20:30)\n    at eval (http://localhost:64186/__cypress/tests?p=cypress/integration/login.ts:84:18)\n    at eval (http://localhost:64186/__cypress/tests?p=cypress/integration/login.ts:87:10)\n    at eval (<anonymous>)",
            "diff": null
          },
          "uuid": "0d977623-af41-49ff-84a2-799eabd50101",
          "parentUUID": "5a06c921-20db-47fb-9abe-80e819fc3b75",
          "isHook": false,
          "skipped": false
        }
      ],
      "suites": [],
      "passes": [],
      "failures": [
        "0d977623-af41-49ff-84a2-799eabd50101"
      ],
      "pending": [],
      "skipped": [],
      "duration": 386,
      "root": true,
      "rootEmpty": false,
      "_timeout": 2000
    }
  ],
  "meta": {
    "mocha": {
      "version": "7.0.1"
    },
    "mochawesome": {
      "options": {
        "quiet": false,
        "reportFilename": "mochawesome",
        "saveHtml": false,
        "saveJson": true,
        "consoleReporter": "spec",
        "useInlineDiffs": false,
        "code": true
      },
      "version": "7.1.3"
    },
    "marge": {
      "options": {
        "chart": true,
        "overwrite": false,
        "html": false,
        "json": true,
        "reportDir": "cypress/reports"
      },
      "version": "6.2.0"
    }
  }
}